<?xml version="1.0" encoding="UTF-8"?>
<!-- Generated by org.testng.reporters.JUnitXMLReporter -->
<testsuite hostname="BHAVYA" ignored="0" name="Default test" tests="4" failures="0" timestamp="05 Jun 2020 06:10:54 GMT" time="0.143" errors="0">
  <testcase name="print2" time="0.015" classname="testngprograms.Testng1"/>
  <testcase name="print" time="0.006" classname="testngprograms.Testng1"/>
  <testcase name="print1" time="0.005" classname="testngprograms.Testng1"/>
  <testcase name="print3" time="0.003" classname="testngprograms.Testng1"/>
</testsuite> <!-- Default test -->
