<?xml version="1.0" encoding="UTF-8"?>
<!-- Generated by org.testng.reporters.JUnitXMLReporter -->
<testsuite ignored="0" hostname="BHAVYA" failures="1" tests="2" name="Test" time="27.179" errors="0" timestamp="2020-09-22T11:58:25 IST">
  <testcase classname="listerns.ListernsDemo1" name="TestFail" time="0.017">
    <failure type="java.lang.AssertionError" message="did not expect to find [true] but found [false]">
      <![CDATA[java.lang.AssertionError: did not expect to find [true] but found [false]
at listerns.ListernsDemo1.TestFail(ListernsDemo1.java:37)
at java.base/java.util.ArrayList.forEach(ArrayList.java:1511)
... Removed 31 stack frames]]>
    </failure>
  </testcase> <!-- TestFail -->
  <testcase classname="listerns.ListernsDemo1" name="loginPass" time="7.938"/>
</testsuite> <!-- Test -->
